<?xml version="1.0" encoding="UTF-8"?>
<testsuite xmlns:xsi="http://www.w3.org/2001/XMLSchema-instance" xsi:noNamespaceSchemaLocation="https://maven.apache.org/surefire/maven-surefire-plugin/xsd/surefire-test-report-3.0.xsd" version="3.0" name="br.com.beneficio.ejb.service.BeneficioServiceBeanTest" time="1.441" tests="6" errors="0" skipped="0" failures="0">
  <properties>
[...]
</properties>
  <testcase name="testTransfer_Success" classname="br.com.beneficio.ejb.service.BeneficioServiceBeanTest" time="1.367"/>
  <testcase name="testTransfer_InsufficientBalance" classname="br.com.beneficio.ejb.service.BeneficioServiceBeanTest" time="0.007"/>
  <testcase name="testFindById_Success" classname="br.com.beneficio.ejb.service.BeneficioServiceBeanTest" time="0.006"/>
  <testcase name="testListAll_Empty" classname="br.com.beneficio.ejb.service.BeneficioServiceBeanTest" time="0.006"/>
  <testcase name="testTransfer_NegativeAmount" classname="br.com.beneficio.ejb.service.BeneficioServiceBeanTest" time="0.004"/>
  <testcase name="testFindById_NotFound" classname="br.com.beneficio.ejb.service.BeneficioServiceBeanTest" time="0.004"/>
</testsuite>